<?xml version="1.0" encoding="UTF-8"?>
<testsuite name="com.restful.booker.restfulinfo.TagTest" time="0.61" tests="3" errors="2" skipped="0" failures="0">
  <properties>
[...]
</properties>
  <testcase name="invalidMethod" classname="com.restful.booker.restfulinfo.TagTest" time="0.039">
    <error type="java.lang.NullPointerException:">java.lang.NullPointerException: null
	at io.restassured.internal.print.ResponsePrinter.print(ResponsePrinter.java:46)
	at io.restassured.internal.ValidatableResponseOptionsImpl.logResponse(ValidatableResponseOptionsImpl.java:423)
	at io.restassured.internal.ValidatableResponseOptionsImpl.logResponse(ValidatableResponseOptionsImpl.java:419)
	at io.restassured.internal.ValidatableResponseOptionsImpl.logResponse(ValidatableResponseOptionsImpl.java:415)
	at io.restassured.internal.ValidatableResponseOptionsImpl.all(ValidatableResponseOptionsImpl.java:371)
	at com.restful.booker.restfulinfo.TagTest.invalidMethod(TagTest.java:26)
</error>
    <system-err><![CDATA[8147 [main] INFO net.serenitybdd.core.Serenity - 
        __    _____ _____ ____ _____   ____   _    ____  ____  _____ ____  
  _     \ \  |_   _| ____/ ___|_   _| |  _ \ / \  / ___|/ ___|| ____|  _ \ 
 (_)_____| |   | | |  _| \___ \ | |   | |_) / _ \ \___ \\___ \|  _| | | | |
  _|_____| |   | | | |___ ___) || |   |  __/ ___ \ ___) |___) | |___| |_| |
 (_)     | |   |_| |_____|____/ |_|   |_| /_/   \_\____/|____/|_____|____/ 
        /_/                                                                

TEST PASSED: This method will delete booking information
----------------------------------------------------------------------------
8250 [pool-1-thread-1] INFO net.thucydides.core.reports.json.JSONTestOutcomeReporter - Generating JSON report for This method will generate the token to file C:\Users\ABC\IdeaProjects\restful-booker-serenity-project\target\site\serenity\2d6c8e6eb2522dd08b45ea6f5fac22b5280972facc1b4f16915b0f3035d0f59b.json (using temp file C:\Users\ABC\IdeaProjects\restful-booker-serenity-project\target\site\serenity\2d6c8e6eb2522dd08b45ea6f5fac22b5280972facc1b4f16915b0f3035d0f59b.jsonfee07376-4780-4c43-8942-a85a7acd98fb)
8255 [pool-1-thread-4] INFO net.thucydides.core.reports.json.JSONTestOutcomeReporter - Generating JSON report for This method will get single booking Id to file C:\Users\ABC\IdeaProjects\restful-booker-serenity-project\target\site\serenity\13637e48749ceda3702a17decf2a9d065d38a626eb1dfdf05c71905c55cf8476.json (using temp file C:\Users\ABC\IdeaProjects\restful-booker-serenity-project\target\site\serenity\13637e48749ceda3702a17decf2a9d065d38a626eb1dfdf05c71905c55cf8476.jsonf1eb0e54-d90e-4705-9134-ca73bb8f49ea)
8255 [pool-1-thread-2] INFO net.thucydides.core.reports.json.JSONTestOutcomeReporter - Generating JSON report for This method will get all booking Ids to file C:\Users\ABC\IdeaProjects\restful-booker-serenity-project\target\site\serenity\0dde7c09d3c16baafa84307f92a913fe149f97634d819cb96899dab56f7d9247.json (using temp file C:\Users\ABC\IdeaProjects\restful-booker-serenity-project\target\site\serenity\0dde7c09d3c16baafa84307f92a913fe149f97634d819cb96899dab56f7d9247.json3663a3d4-ee5f-4ad5-8182-e67499dd1ced)
8255 [pool-1-thread-6] INFO net.thucydides.core.reports.json.JSONTestOutcomeReporter - Generating JSON report for This method will update partial booking information to file C:\Users\ABC\IdeaProjects\restful-booker-serenity-project\target\site\serenity\9ccd47af7a5baf2220267f9189fd1d9376e130481319d5c9591814630722aaed.json (using temp file C:\Users\ABC\IdeaProjects\restful-booker-serenity-project\target\site\serenity\9ccd47af7a5baf2220267f9189fd1d9376e130481319d5c9591814630722aaed.jsonba7dd8fb-0c0e-4434-b4f4-548c8a9c3e56)
8255 [pool-1-thread-7] INFO net.thucydides.core.reports.json.JSONTestOutcomeReporter - Generating JSON report for This method will delete booking information to file C:\Users\ABC\IdeaProjects\restful-booker-serenity-project\target\site\serenity\13ed4e1793a194e37d350b10302dea084f7bd6e5be8a52a16b3d62100c7d3415.json (using temp file C:\Users\ABC\IdeaProjects\restful-booker-serenity-project\target\site\serenity\13ed4e1793a194e37d350b10302dea084f7bd6e5be8a52a16b3d62100c7d3415.json2a9244fb-99fe-4b07-a73d-71d308968d17)
8255 [pool-1-thread-3] INFO net.thucydides.core.reports.json.JSONTestOutcomeReporter - Generating JSON report for This method will add new booking information to the application and verify the booking has been added to file C:\Users\ABC\IdeaProjects\restful-booker-serenity-project\target\site\serenity\9cc8109fb4ea0461b0ea13644609ff6371db78aa76b446e65c163290fda28e0f.json (using temp file C:\Users\ABC\IdeaProjects\restful-booker-serenity-project\target\site\serenity\9cc8109fb4ea0461b0ea13644609ff6371db78aa76b446e65c163290fda28e0f.jsonb861d85f-9135-4fb6-b345-a32f023a9b18)
8255 [pool-1-thread-5] INFO net.thucydides.core.reports.json.JSONTestOutcomeReporter - Generating JSON report for This method will update booking information to file C:\Users\ABC\IdeaProjects\restful-booker-serenity-project\target\site\serenity\a73ed07044e972a256afa600ed5782b57c562905ae24c6cb037c2ce8c1ea4b0f.json (using temp file C:\Users\ABC\IdeaProjects\restful-booker-serenity-project\target\site\serenity\a73ed07044e972a256afa600ed5782b57c562905ae24c6cb037c2ce8c1ea4b0f.json810a62a0-fed2-4a44-8b01-f80e14609960)
8447 [pool-2-thread-3] INFO net.thucydides.core.reports.html.HtmlAcceptanceTestReporter - GENERATING HTML REPORT FOR Booking crud test:test003 in 9cc8109fb4ea0461b0ea13644609ff6371db78aa76b446e65c163290fda28e0f.html in directory target\site\serenity  
8447 [pool-2-thread-6] INFO net.thucydides.core.reports.html.HtmlAcceptanceTestReporter - GENERATING HTML REPORT FOR Booking crud test:test006 in 9ccd47af7a5baf2220267f9189fd1d9376e130481319d5c9591814630722aaed.html in directory target\site\serenity  
8448 [pool-2-thread-1] INFO net.thucydides.core.reports.html.HtmlAcceptanceTestReporter - GENERATING HTML REPORT FOR Booking crud test:test001 in 2d6c8e6eb2522dd08b45ea6f5fac22b5280972facc1b4f16915b0f3035d0f59b.html in directory target\site\serenity  
8447 [pool-2-thread-2] INFO net.thucydides.core.reports.html.HtmlAcceptanceTestReporter - GENERATING HTML REPORT FOR Booking crud test:test002 in 0dde7c09d3c16baafa84307f92a913fe149f97634d819cb96899dab56f7d9247.html in directory target\site\serenity  
8447 [pool-2-thread-4] INFO net.thucydides.core.reports.html.HtmlAcceptanceTestReporter - GENERATING HTML REPORT FOR Booking crud test:test004 in 13637e48749ceda3702a17decf2a9d065d38a626eb1dfdf05c71905c55cf8476.html in directory target\site\serenity  
8448 [pool-2-thread-7] INFO net.thucydides.core.reports.html.HtmlAcceptanceTestReporter - GENERATING HTML REPORT FOR Booking crud test:test007 in 13ed4e1793a194e37d350b10302dea084f7bd6e5be8a52a16b3d62100c7d3415.html in directory target\site\serenity  
8447 [pool-2-thread-5] INFO net.thucydides.core.reports.html.HtmlAcceptanceTestReporter - GENERATING HTML REPORT FOR Booking crud test:test005 in a73ed07044e972a256afa600ed5782b57c562905ae24c6cb037c2ce8c1ea4b0f.html in directory target\site\serenity  
9349 [main] INFO net.serenitybdd.core.Serenity - Test Suite Started: Tag test
9350 [main] INFO net.serenitybdd.core.Serenity - 
 _____ _____ ____ _____   ____ _____  _    ____ _____ _____ ____  
|_   _| ____/ ___|_   _| / ___|_   _|/ \  |  _ \_   _| ____|  _ \ 
  | | |  _| \___ \ | |   \___ \ | | / _ \ | |_) || | |  _| | | | |
  | | | |___ ___) || |    ___) || |/ ___ \|  _ < | | | |___| |_| |
  |_| |_____|____/ |_|   |____/ |_/_/   \_\_| \_\|_| |_____|____/ 
                                                                  

TEST STARTED: invalidMethod
-------------------------------------------------------------------
9350 [main] INFO net.serenitybdd.core.Serenity - TEST NUMBER: 8
]]></system-err>
  </testcase>
  <testcase name="verifyIfTheStatusCodeIs200" classname="com.restful.booker.restfulinfo.TagTest" time="0.015">
    <error type="java.lang.NullPointerException:">java.lang.NullPointerException: null
	at io.restassured.internal.print.ResponsePrinter.print(ResponsePrinter.java:46)
	at io.restassured.internal.ValidatableResponseOptionsImpl.logResponse(ValidatableResponseOptionsImpl.java:423)
	at io.restassured.internal.ValidatableResponseOptionsImpl.logResponse(ValidatableResponseOptionsImpl.java:419)
	at io.restassured.internal.ValidatableResponseOptionsImpl.logResponse(ValidatableResponseOptionsImpl.java:415)
	at io.restassured.internal.ValidatableResponseOptionsImpl.all(ValidatableResponseOptionsImpl.java:371)
	at com.restful.booker.restfulinfo.TagTest.verifyIfTheStatusCodeIs200(TagTest.java:42)
</error>
    <system-err><![CDATA[9393 [main] ERROR net.serenitybdd.core.Serenity - 
           __  _____ _____ ____ _____   _____ _    ___ _     _____ ____  
  _       / / |_   _| ____/ ___|_   _| |  ___/ \  |_ _| |   | ____|  _ \ 
 (_)_____| |    | | |  _| \___ \ | |   | |_ / _ \  | || |   |  _| | | | |
  _|_____| |    | | | |___ ___) || |   |  _/ ___ \ | || |___| |___| |_| |
 (_)     | |    |_| |_____|____/ |_|   |_|/_/   \_\___|_____|_____|____/ 
          \_\                                                            

TEST FAILED WITH ERROR: Provide a 405 status code when incorrect HTTP method is used to access resource
---------------------------------------------------------------------
9484 [main] ERROR net.serenitybdd.core.Serenity - TEST FAILED AT STEP PUT
9484 [main] ERROR net.serenitybdd.core.Serenity - Invalid number of path parameters. Expected 1, was 0. Undefined path parameters are: bookingId.
9486 [main] INFO net.serenitybdd.core.Serenity - 
 _____ _____ ____ _____   ____ _____  _    ____ _____ _____ ____  
|_   _| ____/ ___|_   _| / ___|_   _|/ \  |  _ \_   _| ____|  _ \ 
  | | |  _| \___ \ | |   \___ \ | | / _ \ | |_) || | |  _| | | | |
  | | | |___ ___) || |    ___) || |/ ___ \|  _ < | | | |___| |_| |
  |_| |_____|____/ |_|   |____/ |_/_/   \_\_| \_\|_| |_____|____/ 
                                                                  

TEST STARTED: verifyIfTheStatusCodeIs200
-------------------------------------------------------------------
9486 [main] INFO net.serenitybdd.core.Serenity - TEST NUMBER: 9
]]></system-err>
  </testcase>
  <testcase name="inCorrectResource" classname="com.restful.booker.restfulinfo.TagTest" time="0.556"/>
</testsuite>