<?xml version="1.0" encoding="UTF-8"?><testsuite errors="0" failures="0" name="com.restful.booker.restfulinfo.BookingCrudTest" skipped="0" tests="7" time="7.53" timestamp="2023-06-06T23:59:39.163+01:00[Europe/London]"><testcase classname="com.restful.booker.restfulinfo.BookingCrudTest" name="This method will generate the token"/><testcase classname="com.restful.booker.restfulinfo.BookingCrudTest" name="This method will get all booking Ids"/><testcase classname="com.restful.booker.restfulinfo.BookingCrudTest" name="This method will add new booking information to the application and verify the booking has been added"/><testcase classname="com.restful.booker.restfulinfo.BookingCrudTest" name="This method will get single booking Id"/><testcase classname="com.restful.booker.restfulinfo.BookingCrudTest" name="This method will update booking information"/><testcase classname="com.restful.booker.restfulinfo.BookingCrudTest" name="This method will update partial booking information"/><testcase classname="com.restful.booker.restfulinfo.BookingCrudTest" name="This method will delete booking information"/></testsuite>